{"/Users/lagden/webapps/htdocs/lab/js/module/@tadashi/rollup/plugin/env/src/env.js": {"path":"/Users/lagden/webapps/htdocs/lab/js/module/@tadashi/rollup/plugin/env/src/env.js","statementMap":{"0":{"start":{"line":4,"column":1},"end":{"line":4,"column":34}},"1":{"start":{"line":5,"column":1},"end":{"line":15,"column":2}},"2":{"start":{"line":7,"column":15},"end":{"line":14,"column":1}}},"fnMap":{"0":{"name":"envs","decl":{"start":{"line":3,"column":9},"end":{"line":3,"column":13}},"loc":{"start":{"line":3,"column":24},"end":{"line":16,"column":1}},"line":3},"1":{"name":"(anonymous_1)","decl":{"start":{"line":7,"column":9},"end":{"line":7,"column":10}},"loc":{"start":{"line":7,"column":15},"end":{"line":14,"column":1}},"line":7}},"branchMap":{"0":{"loc":{"start":{"line":4,"column":23},"end":{"line":4,"column":33}},"type":"binary-expr","locations":[{"start":{"line":4,"column":23},"end":{"line":4,"column":27}},{"start":{"line":4,"column":31},"end":{"line":4,"column":33}}],"line":4}},"s":{"0":2,"1":2,"2":2},"f":{"0":2,"1":2},"b":{"0":[2,1]},"_coverageSchema":"1a1c01bbd47fc00a2c39e90264f33305004495a9","hash":"ff9ecaa90174d554389ec499975ae9b5befeee0f"}
}
